[debug] [2026-06-23T09:22:25.317Z] ----------------------------------------------------------------------
[debug] [2026-06-23T09:22:25.324Z] Command:       C:\Program Files\nodejs\node.exe C:\Users\Lenovo\AppData\Roaming\npm\node_modules\firebase-tools\lib\bin\firebase.js projects:create hiraki-taxi
[debug] [2026-06-23T09:22:25.325Z] CLI Version:   15.22.1
[debug] [2026-06-23T09:22:25.325Z] Platform:      win32
[debug] [2026-06-23T09:22:25.326Z] Node Version:  v22.19.0
[debug] [2026-06-23T09:22:25.327Z] Detected Agent: unknown
[debug] [2026-06-23T09:22:25.327Z] Time:          Tue Jun 23 2026 14:52:25 GMT+0530 (India Standard Time)
[debug] [2026-06-23T09:22:25.328Z] ----------------------------------------------------------------------
[debug] 
[debug] [2026-06-23T09:22:25.355Z] > command requires scopes: ["email","openid","https://www.googleapis.com/auth/cloudplatformprojects.readonly","https://www.googleapis.com/auth/firebase","https://www.googleapis.com/auth/cloud-platform"]
[debug] [2026-06-23T09:22:25.356Z] > authorizing via signed-in user (jordhanmaverick@gmail.com)
[debug] [2026-06-23T09:22:39.235Z] Checked if tokens are valid: true, expires at: 1782209893108
[debug] [2026-06-23T09:22:39.236Z] Checked if tokens are valid: true, expires at: 1782209893108
[debug] [2026-06-23T09:22:39.238Z] >>> [apiv2][query] POST https://cloudresourcemanager.googleapis.com/v1/projects [none]
[debug] [2026-06-23T09:22:39.239Z] >>> [apiv2][body] POST https://cloudresourcemanager.googleapis.com/v1/projects {"projectId":"hiraki-taxi","name":"hiraki-taxi"}
[debug] [2026-06-23T09:22:40.498Z] <<< [apiv2][status] POST https://cloudresourcemanager.googleapis.com/v1/projects 200
[debug] [2026-06-23T09:22:40.499Z] <<< [apiv2][body] POST https://cloudresourcemanager.googleapis.com/v1/projects {"name":"operations/create_project.global.4939999785191816087"}
[debug] [2026-06-23T09:22:40.502Z] Checked if tokens are valid: true, expires at: 1782209893108
[debug] [2026-06-23T09:22:40.502Z] Checked if tokens are valid: true, expires at: 1782209893108
[debug] [2026-06-23T09:22:40.503Z] >>> [apiv2][query] GET https://cloudresourcemanager.googleapis.com/v1/operations/create_project.global.4939999785191816087 [none]
[debug] [2026-06-23T09:22:41.842Z] <<< [apiv2][status] GET https://cloudresourcemanager.googleapis.com/v1/operations/create_project.global.4939999785191816087 200
[debug] [2026-06-23T09:22:41.842Z] <<< [apiv2][body] GET https://cloudresourcemanager.googleapis.com/v1/operations/create_project.global.4939999785191816087 {"name":"operations/create_project.global.4939999785191816087","metadata":{"@type":"type.googleapis.com/google.cloudresourcemanager.v1.ProjectCreationStatus","ready":true},"done":true,"error":{"code":9,"message":"Callers must accept Terms of Service","details":[{"@type":"type.googleapis.com/google.rpc.PreconditionFailure","violations":[{"type":"TOS","subject":"cloud","description":"Callers must accept Terms of Service"}]}]}}
[debug] [2026-06-23T09:22:42.241Z] FirebaseError: Callers must accept Terms of Service
    at OperationPoller.poll (C:\Users\Lenovo\AppData\Roaming\npm\node_modules\firebase-tools\lib\operation-poller.js:25:19)
    at process.processTicksAndRejections (node:internal/process/task_queues:105:5)
    at async createCloudProject (C:\Users\Lenovo\AppData\Roaming\npm\node_modules\firebase-tools\lib\management\projects.js:237:29)
    at async createFirebaseProjectAndLog (C:\Users\Lenovo\AppData\Roaming\npm\node_modules\firebase-tools\lib\management\projects.js:102:9)
[error] 
[error] Error: Failed to create project. See firebase-debug.log for more info.
